<?xml version="1.0" encoding="UTF-8"?>
<!-- Generated by org.testng.reporters.JUnitReportReporter -->
<testsuite hostname="LAPTOP-F0T44AR1" failures="0" tests="3" name="Tests.VerifyTests" time="49.512" errors="0" timestamp="2022-11-09T18:15:17 EET" skipped="0">
  <testcase classname="Tests.VerifyTests" name="signUp" time="17.461"/>
  <system-out/>
  <testcase classname="Tests.VerifyTests" name="login" time="17.149"/>
  <system-out/>
  <testcase classname="Tests.VerifyTests" name="loginWrongName" time="14.902"/>
  <system-out/>
</testsuite> <!-- Tests.VerifyTests -->
